<?xml version="1.0" ?>
<testsuites errors="0" failures="0" skipped="0" tests="25">
    <testsuite errors="0" failures="0" name="testphonenumberofflinegeocoder.PhoneNumberOfflineGeocoderTest" skipped="0" tests="25" time="9.433204776">
        <testcase class_name="testphonenumberofflinegeocoder.PhoneNumberOfflineGeocoderTest" name="PhoneNumberOfflineGeocoder_01" time="1.336151004"/>
        <testcase class_name="testphonenumberofflinegeocoder.PhoneNumberOfflineGeocoderTest" name="PhoneNumberOfflineGeocoder_02" time="1.50616039"/>
        <testcase class_name="testphonenumberofflinegeocoder.PhoneNumberOfflineGeocoderTest" name="PhoneNumberOfflineGeocoder_03" time="0.002682733"/>
        <testcase class_name="testphonenumberofflinegeocoder.PhoneNumberOfflineGeocoderTest" name="PhoneNumberOfflineGeocoder_04" time="0.002910678"/>
        <testcase class_name="testphonenumberofflinegeocoder.PhoneNumberOfflineGeocoderTest" name="PhoneNumberOfflineGeocoder_05" time="0.0028042759999999996"/>
        <testcase class_name="testphonenumberofflinegeocoder.PhoneNumberOfflineGeocoderTest" name="PhoneNumberOfflineGeocoder_06" time="0.0028617430000000004"/>
        <testcase class_name="testphonenumberofflinegeocoder.PhoneNumberOfflineGeocoderTest" name="PhoneNumberOfflineGeocoder_07" time="0.156368774"/>
        <testcase class_name="testphonenumberofflinegeocoder.PhoneNumberOfflineGeocoderTest" name="PhoneNumberOfflineGeocoder_08" time="1.533597475"/>
        <testcase class_name="testphonenumberofflinegeocoder.PhoneNumberOfflineGeocoderTest" name="PhoneNumberOfflineGeocoder_09" time="3.2727158990000005"/>
        <testcase class_name="testphonenumberofflinegeocoder.PhoneNumberOfflineGeocoderTest" name="PhoneNumberUtil_10" time="4.796e-06"/>
        <testcase class_name="testphonenumberofflinegeocoder.PhoneNumberOfflineGeocoderTest" name="PhoneNumberUtil_11" time="6.8528e-05"/>
        <testcase class_name="testphonenumberofflinegeocoder.PhoneNumberOfflineGeocoderTest" name="PhoneNumberUtil_12" time="4.341e-05"/>
        <testcase class_name="testphonenumberofflinegeocoder.PhoneNumberOfflineGeocoderTest" name="PhoneNumberUtil_13" time="1.463e-06"/>
        <testcase class_name="testphonenumberofflinegeocoder.PhoneNumberOfflineGeocoderTest" name="PhoneNumberUtil_14" time="1.356e-06"/>
        <testcase class_name="testphonenumberofflinegeocoder.PhoneNumberOfflineGeocoderTest" name="PhoneNumberUtil_15" time="1.9880000000000003e-06"/>
        <testcase class_name="testphonenumberofflinegeocoder.PhoneNumberOfflineGeocoderTest" name="PrefixFileReader_16" time="9.328400000000001e-05"/>
        <testcase class_name="testphonenumberofflinegeocoder.PhoneNumberOfflineGeocoderTest" name="PrefixFileReader_17" time="1.6126484509999999"/>
        <testcase class_name="testphonenumberofflinegeocoder.PhoneNumberOfflineGeocoderTest" name="PrefixFileReader_18" time="0.000823824"/>
        <testcase class_name="testphonenumberofflinegeocoder.PhoneNumberOfflineGeocoderTest" name="PrefixFileReader_19" time="0.00042140300000000004"/>
        <testcase class_name="testphonenumberofflinegeocoder.PhoneNumberOfflineGeocoderTest" name="PhoneNumberToCarrierMapper_20" time="8.722499999999999e-05"/>
        <testcase class_name="testphonenumberofflinegeocoder.PhoneNumberOfflineGeocoderTest" name="PhoneNumberToTimeZonesMapper_21" time="0.0005642350000000001"/>
        <testcase class_name="testphonenumberofflinegeocoder.PhoneNumberOfflineGeocoderTest" name="PhoneNumberToTimeZonesMapper_22" time="0.000524405"/>
        <testcase class_name="testphonenumberofflinegeocoder.PhoneNumberOfflineGeocoderTest" name="PhoneNumberToTimeZonesMapper_23" time="0.0005662999999999999"/>
        <testcase class_name="testphonenumberofflinegeocoder.PhoneNumberOfflineGeocoderTest" name="PhoneNumberToTimeZonesMapper_24" time="0.00041314600000000003"/>
        <testcase class_name="testphonenumberofflinegeocoder.PhoneNumberOfflineGeocoderTest" name="PhoneNumberToTimeZonesMapper_25" time="0.00065303"/>
    </testsuite>
</testsuites>
